[debug] [2026-03-15T18:42:35.315Z] ----------------------------------------------------------------------
[debug] [2026-03-15T18:42:35.317Z] Command:       C:\Program Files\nodejs\node.exe C:\Users\admin\AppData\Roaming\npm\node_modules\firebase-tools\lib\bin\firebase.js init
[debug] [2026-03-15T18:42:35.318Z] CLI Version:   15.5.1
[debug] [2026-03-15T18:42:35.318Z] Platform:      win32
[debug] [2026-03-15T18:42:35.318Z] Node Version:  v22.14.0
[debug] [2026-03-15T18:42:35.318Z] Time:          Mon Mar 16 2026 01:42:35 GMT+0700 (Indochina Time)
[debug] [2026-03-15T18:42:35.318Z] ----------------------------------------------------------------------
[debug] 
[debug] [2026-03-15T18:42:35.320Z] >>> [apiv2][query] GET https://firebase-public.firebaseio.com/cli.json [none]
[info] 
     ######## #### ########  ######## ########     ###     ######  ########
     ##        ##  ##     ## ##       ##     ##  ##   ##  ##       ##
     ######    ##  ########  ######   ########  #########  ######  ######
     ##        ##  ##    ##  ##       ##     ## ##     ##       ## ##
     ##       #### ##     ## ######## ########  ##     ##  ######  ########

You're about to initialize a Firebase project in this directory:

  C:\Users\admin\Jack Sparrow

[debug] [2026-03-15T18:42:37.981Z] <<< [apiv2][status] GET https://firebase-public.firebaseio.com/cli.json 200
[debug] [2026-03-15T18:42:37.981Z] <<< [apiv2][body] GET https://firebase-public.firebaseio.com/cli.json {"cloudBuildErrorAfter":1594252800000,"cloudBuildWarnAfter":1590019200000,"defaultNode10After":1594252800000,"minVersion":"3.0.5","node8DeploysDisabledAfter":1613390400000,"node8RuntimeDisabledAfter":1615809600000,"node8WarnAfter":1600128000000}
[info] 
=== Project Setup
[info] 
[info] First, let's associate this project directory with a Firebase project.
[info] You can create multiple project aliases by running firebase use --add, 
[info] 
[debug] [2026-03-15T18:44:31.573Z] > command requires scopes: ["email","openid","https://www.googleapis.com/auth/cloudplatformprojects.readonly","https://www.googleapis.com/auth/firebase","https://www.googleapis.com/auth/cloud-platform"]
[debug] [2026-03-15T18:44:31.573Z] > authorizing via signed-in user (ryandev1st@gmail.com)
[debug] [2026-03-15T18:44:31.574Z] Checked if tokens are valid: false, expires at: 1770659026445
[debug] [2026-03-15T18:44:31.574Z] Checked if tokens are valid: false, expires at: 1770659026445
[debug] [2026-03-15T18:44:31.574Z] > refreshing access token with scopes: []
[debug] [2026-03-15T18:44:31.575Z] >>> [apiv2][query] POST https://www.googleapis.com/oauth2/v3/token [none]
[debug] [2026-03-15T18:44:31.575Z] >>> [apiv2][body] POST https://www.googleapis.com/oauth2/v3/token [omitted]
[debug] [2026-03-15T18:44:31.813Z] <<< [apiv2][status] POST https://www.googleapis.com/oauth2/v3/token 200
[debug] [2026-03-15T18:44:31.813Z] <<< [apiv2][body] POST https://www.googleapis.com/oauth2/v3/token [omitted]
[debug] [2026-03-15T18:44:31.819Z] >>> [apiv2][query] GET https://firebase.googleapis.com/v1beta1/projects pageSize=100
[debug] [2026-03-15T18:44:32.601Z] <<< [apiv2][status] GET https://firebase.googleapis.com/v1beta1/projects 200
[debug] [2026-03-15T18:44:32.601Z] <<< [apiv2][body] GET https://firebase.googleapis.com/v1beta1/projects [omitted]
[info] 
=== Firestore Setup
[info] i  firestore: ensuring required API firestore.googleapis.com is enabled... 
[debug] [2026-03-15T18:44:34.704Z] Checked if tokens are valid: true, expires at: 1773603870813
[debug] [2026-03-15T18:44:34.704Z] Checked if tokens are valid: true, expires at: 1773603870813
[debug] [2026-03-15T18:44:34.704Z] >>> [apiv2][query] GET https://serviceusage.googleapis.com/v1/projects/credible-topic-479807-d5/services/firestore.googleapis.com [none]
[debug] [2026-03-15T18:44:34.704Z] >>> [apiv2][(partial)header] GET https://serviceusage.googleapis.com/v1/projects/credible-topic-479807-d5/services/firestore.googleapis.com  x-goog-user-project=credible-topic-479807-d5
[debug] [2026-03-15T18:44:36.342Z] <<< [apiv2][status] GET https://serviceusage.googleapis.com/v1/projects/credible-topic-479807-d5/services/firestore.googleapis.com 200
[debug] [2026-03-15T18:44:36.342Z] <<< [apiv2][body] GET https://serviceusage.googleapis.com/v1/projects/credible-topic-479807-d5/services/firestore.googleapis.com [omitted]
[info] +  firestore: required API firestore.googleapis.com is enabled 
[debug] [2026-03-15T18:44:36.346Z] Checked if tokens are valid: true, expires at: 1773603870813
[debug] [2026-03-15T18:44:36.346Z] Checked if tokens are valid: true, expires at: 1773603870813
[debug] [2026-03-15T18:44:36.346Z] >>> [apiv2][query] GET https://firestore.googleapis.com/v1/projects/credible-topic-479807-d5/databases [none]
[debug] [2026-03-15T18:44:37.038Z] <<< [apiv2][status] GET https://firestore.googleapis.com/v1/projects/credible-topic-479807-d5/databases 200
[debug] [2026-03-15T18:44:37.038Z] <<< [apiv2][body] GET https://firestore.googleapis.com/v1/projects/credible-topic-479807-d5/databases {"databases":[{"name":"projects/credible-topic-479807-d5/databases/(default)","uid":"bc3cccc9-58fb-4aba-915c-1e38e71d593b","createTime":"2026-01-23T06:53:13.821223Z","updateTime":"2026-01-23T06:53:13.821223Z","locationId":"nam5","type":"FIRESTORE_NATIVE","concurrencyMode":"PESSIMISTIC","versionRetentionPeriod":"3600s","earliestVersionTime":"2026-03-15T17:44:37.638888Z","appEngineIntegrationMode":"DISABLED","keyPrefix":"s","pointInTimeRecoveryEnablement":"POINT_IN_TIME_RECOVERY_DISABLED","deleteProtectionState":"DELETE_PROTECTION_DISABLED","databaseEdition":"STANDARD","freeTier":true,"realtimeUpdatesMode":"REALTIME_UPDATES_MODE_ENABLED","etag":"IO6vg/THopMDMIjvz/qo5pID"}]}
[info] 
[info] Firestore Security Rules allow you to define how and when to allow
[info] requests. You can keep these rules in your project directory
[info] and publish them with firebase deploy.
[info] 
[debug] [2026-03-15T18:44:41.278Z] Checked if tokens are valid: true, expires at: 1773603870813
[debug] [2026-03-15T18:44:41.279Z] Checked if tokens are valid: true, expires at: 1773603870813
[debug] [2026-03-15T18:44:41.279Z] >>> [apiv2][query] GET https://firebaserules.googleapis.com/v1/projects/credible-topic-479807-d5/releases pageSize=10&pageToken=
[debug] [2026-03-15T18:44:42.789Z] <<< [apiv2][status] GET https://firebaserules.googleapis.com/v1/projects/credible-topic-479807-d5/releases 200
[debug] [2026-03-15T18:44:42.789Z] <<< [apiv2][body] GET https://firebaserules.googleapis.com/v1/projects/credible-topic-479807-d5/releases {"releases":[{"name":"projects/credible-topic-479807-d5/releases/cloud.firestore","rulesetName":"projects/credible-topic-479807-d5/rulesets/4648ee70-2a40-447f-83d5-9cf9c3919624","createTime":"2026-01-23T06:53:16.754129Z","updateTime":"2026-01-23T06:53:16.754129Z"},{"name":"projects/credible-topic-479807-d5/releases/firebase.storage/credible-topic-479807-d5.firebasestorage.app","rulesetName":"projects/credible-topic-479807-d5/rulesets/678bad39-6838-4bf0-9681-9e33d9619585","createTime":"2026-01-23T06:51:36.937614Z","updateTime":"2026-01-23T06:51:36.937614Z"}]}
[debug] [2026-03-15T18:44:42.796Z] Checked if tokens are valid: true, expires at: 1773603870813
[debug] [2026-03-15T18:44:42.796Z] Checked if tokens are valid: true, expires at: 1773603870813
[debug] [2026-03-15T18:44:42.796Z] >>> [apiv2][query] GET https://firebaserules.googleapis.com/v1/projects/credible-topic-479807-d5/rulesets/4648ee70-2a40-447f-83d5-9cf9c3919624 [none]
[debug] [2026-03-15T18:44:44.109Z] <<< [apiv2][status] GET https://firebaserules.googleapis.com/v1/projects/credible-topic-479807-d5/rulesets/4648ee70-2a40-447f-83d5-9cf9c3919624 200
[debug] [2026-03-15T18:44:44.109Z] <<< [apiv2][body] GET https://firebaserules.googleapis.com/v1/projects/credible-topic-479807-d5/rulesets/4648ee70-2a40-447f-83d5-9cf9c3919624 [omitted]
[info] i  Downloaded the existing Firestore Security Rules from the Firebase console 
[info] 
[info] Firestore indexes allow you to perform complex queries while
[info] maintaining performance that scales with the size of the result
[info] set. You can keep index definitions in your project directory
[info] and publish them with firebase deploy.
[info] 
[debug] [2026-03-15T18:44:45.660Z] Checked if tokens are valid: true, expires at: 1773603870813
[debug] [2026-03-15T18:44:45.660Z] Checked if tokens are valid: true, expires at: 1773603870813
[debug] [2026-03-15T18:44:45.660Z] Checked if tokens are valid: true, expires at: 1773603870813
[debug] [2026-03-15T18:44:45.660Z] Checked if tokens are valid: true, expires at: 1773603870813
[debug] [2026-03-15T18:44:45.660Z] >>> [apiv2][query] GET https://firestore.googleapis.com/v1/projects/credible-topic-479807-d5/databases/(default)/collectionGroups/-/indexes [none]
[debug] [2026-03-15T18:44:45.662Z] >>> [apiv2][query] GET https://firestore.googleapis.com/v1/projects/credible-topic-479807-d5/databases/(default)/collectionGroups/-/fields?filter=indexConfig.usesAncestorConfig=false OR ttlConfig:* [none]
[debug] [2026-03-15T18:44:47.024Z] <<< [apiv2][status] GET https://firestore.googleapis.com/v1/projects/credible-topic-479807-d5/databases/(default)/collectionGroups/-/indexes 200
[debug] [2026-03-15T18:44:47.024Z] <<< [apiv2][body] GET https://firestore.googleapis.com/v1/projects/credible-topic-479807-d5/databases/(default)/collectionGroups/-/indexes {}
[debug] [2026-03-15T18:44:47.189Z] <<< [apiv2][status] GET https://firestore.googleapis.com/v1/projects/credible-topic-479807-d5/databases/(default)/collectionGroups/-/fields?filter=indexConfig.usesAncestorConfig=false OR ttlConfig:* 200
[debug] [2026-03-15T18:44:47.189Z] <<< [apiv2][body] GET https://firestore.googleapis.com/v1/projects/credible-topic-479807-d5/databases/(default)/collectionGroups/-/fields?filter=indexConfig.usesAncestorConfig=false OR ttlConfig:* {"fields":[{"name":"projects/credible-topic-479807-d5/databases/(default)/collectionGroups/__default__/fields/*","indexConfig":{"indexes":[{"queryScope":"COLLECTION","fields":[{"fieldPath":"*","order":"ASCENDING"}],"state":"READY"},{"queryScope":"COLLECTION","fields":[{"fieldPath":"*","order":"DESCENDING"}],"state":"READY"},{"queryScope":"COLLECTION","fields":[{"fieldPath":"*","arrayConfig":"CONTAINS"}],"state":"READY"}]}}]}
[info] i  Downloaded the existing Firestore indexes from the Firebase console 
[info] +  Wrote firestore.rules 
[info] +  Wrote firestore.indexes.json 
[info] 
=== Functions Setup
[debug] [2026-03-15T18:44:47.195Z] > command requires scopes: ["email","openid","https://www.googleapis.com/auth/cloudplatformprojects.readonly","https://www.googleapis.com/auth/firebase","https://www.googleapis.com/auth/cloud-platform"]
[debug] [2026-03-15T18:44:47.195Z] > authorizing via signed-in user (ryandev1st@gmail.com)
[debug] [2026-03-15T18:44:47.195Z] [iam] checking project credible-topic-479807-d5 for permissions ["firebase.projects.get"]
[debug] [2026-03-15T18:44:47.195Z] Checked if tokens are valid: true, expires at: 1773603870813
[debug] [2026-03-15T18:44:47.195Z] Checked if tokens are valid: true, expires at: 1773603870813
[debug] [2026-03-15T18:44:47.195Z] >>> [apiv2][query] POST https://cloudresourcemanager.googleapis.com/v1/projects/credible-topic-479807-d5:testIamPermissions [none]
[debug] [2026-03-15T18:44:47.195Z] >>> [apiv2][(partial)header] POST https://cloudresourcemanager.googleapis.com/v1/projects/credible-topic-479807-d5:testIamPermissions  x-goog-user-project=credible-topic-479807-d5
[debug] [2026-03-15T18:44:47.195Z] >>> [apiv2][body] POST https://cloudresourcemanager.googleapis.com/v1/projects/credible-topic-479807-d5:testIamPermissions {"permissions":["firebase.projects.get"]}
[debug] [2026-03-15T18:44:48.459Z] <<< [apiv2][status] POST https://cloudresourcemanager.googleapis.com/v1/projects/credible-topic-479807-d5:testIamPermissions 200
[debug] [2026-03-15T18:44:48.459Z] <<< [apiv2][body] POST https://cloudresourcemanager.googleapis.com/v1/projects/credible-topic-479807-d5:testIamPermissions {"permissions":["firebase.projects.get"]}
[info] Let's create a new codebase for your functions.
[info] A directory corresponding to the codebase will be created in your project
[info] with sample code pre-configured.

[info] See https://firebase.google.com/docs/functions/organize-functions for
[info] more information on organizing your functions using codebases.

[info] Functions can be deployed with firebase deploy.

[info] +  Wrote functions/package.json 
[info] +  Wrote functions/.eslintrc.js 
[info] +  Wrote functions/tsconfig.dev.json 
[info] +  Wrote functions/tsconfig.json 
[info] +  Wrote functions/src/index.ts 
[info] +  Wrote functions/.gitignore 
[info] 
=== Hosting Setup
[debug] [2026-03-15T18:45:35.540Z] Checked if tokens are valid: true, expires at: 1773603870813
[debug] [2026-03-15T18:45:35.540Z] Checked if tokens are valid: true, expires at: 1773603870813
[debug] [2026-03-15T18:45:35.541Z] >>> [apiv2][query] GET https://firebase.googleapis.com/v1beta1/projects/credible-topic-479807-d5 [none]
[debug] [2026-03-15T18:45:36.066Z] <<< [apiv2][status] GET https://firebase.googleapis.com/v1beta1/projects/credible-topic-479807-d5 200
[debug] [2026-03-15T18:45:36.066Z] <<< [apiv2][body] GET https://firebase.googleapis.com/v1beta1/projects/credible-topic-479807-d5 {"projectId":"credible-topic-479807-d5","projectNumber":"648098654978","displayName":"My First Project","name":"projects/credible-topic-479807-d5","resources":{"hostingSite":"credible-topic-479807-d5"},"state":"ACTIVE","etag":"1_a623c57f-ce59-4956-b2c9-e789ef923e55"}
[info] 
[info] Your public directory is the folder (relative to your project directory) that
[info] will contain Hosting assets to be uploaded with firebase deploy. If you
[info] have a build process for your assets, use your build's output directory.
[info] 
